# JRE version: Java(TM) SE Runtime Environment 18.9 (11.0.19+9) (build 11.0.19+9-LTS-224)
# Java VM: Java HotSpot(TM) 64-Bit Server VM 18.9 (11.0.19+9-LTS-224, mixed mode, tiered, compressed oops, g1 gc, windows-amd64)
Heap:
 garbage-first heap   total 63488K, used 24608K [0x00000000e0000000, 0x0000000100000000)
  region size 1024K, 2 young (2048K), 1 survivors (1024K)
 Metaspace       used 33908K, capacity 35352K, committed 35712K, reserved 1081344K
  class space    used 3949K, capacity 4616K, committed 4736K, reserved 1048576K
GC Heap History (10 events):
Event: 15.032 GC heap before
{Heap before GC invocations=3 (full 0):
 garbage-first heap   total 63488K, used 15672K [0x00000000e0000000, 0x0000000100000000)
  region size 1024K, 13 young (13312K), 3 survivors (3072K)
 Metaspace       used 20374K, capacity 21128K, committed 21248K, reserved 1069056K
  class space    used 2277K, capacity 2551K, committed 2560K, reserved 1048576K
}
Event: 15.040 GC heap after
{Heap after GC invocations=4 (full 0):
 garbage-first heap   total 63488K, used 8646K [0x00000000e0000000, 0x0000000100000000)
  region size 1024K, 3 young (3072K), 3 survivors (3072K)
 Metaspace       used 20374K, capacity 21128K, committed 21248K, reserved 1069056K
  class space    used 2277K, capacity 2551K, committed 2560K, reserved 1048576K
}
Event: 18.337 GC heap before
{Heap before GC invocations=5 (full 0):
 garbage-first heap   total 63488K, used 38342K [0x00000000e0000000, 0x0000000100000000)
  region size 1024K, 29 young (29696K), 3 survivors (3072K)
 Metaspace       used 24131K, capacity 24975K, committed 25216K, reserved 1071104K
  class space    used 2617K, capacity 2920K, committed 2944K, reserved 1048576K
}
Event: 18.355 GC heap after
{Heap after GC invocations=6 (full 0):
 garbage-first heap   total 63488K, used 13267K [0x00000000e0000000, 0x0000000100000000)
  region size 1024K, 4 young (4096K), 4 survivors (4096K)
 Metaspace       used 24131K, capacity 24975K, committed 25216K, reserved 1071104K
  class space    used 2617K, capacity 2920K, committed 2944K, reserved 1048576K
}
Event: 21.144 GC heap before
{Heap before GC invocations=6 (full 0):
 garbage-first heap   total 63488K, used 38867K [0x00000000e0000000, 0x0000000100000000)
  region size 1024K, 29 young (29696K), 4 survivors (4096K)
 Metaspace       used 25323K, capacity 26410K, committed 26624K, reserved 1073152K
  class space    used 2815K, capacity 3320K, committed 3328K, reserved 1048576K
}
Event: 21.166 GC heap after
{Heap after GC invocations=7 (full 0):
 garbage-first heap   total 63488K, used 17083K [0x00000000e0000000, 0x0000000100000000)
  region size 1024K, 4 young (4096K), 4 survivors (4096K)
 Metaspace       used 25323K, capacity 26410K, committed 26624K, reserved 1073152K
  class space    used 2815K, capacity 3320K, committed 3328K, reserved 1048576K
}
Event: 26.417 GC heap before
{Heap before GC invocations=7 (full 0):
 garbage-first heap   total 63488K, used 41659K [0x00000000e0000000, 0x0000000100000000)
  region size 1024K, 28 young (28672K), 4 survivors (4096K)
 Metaspace       used 28624K, capacity 29856K, committed 30080K, reserved 1075200K
  class space    used 3214K, capacity 3699K, committed 3712K, reserved 1048576K
}
Event: 26.432 GC heap after
{Heap after GC invocations=8 (full 0):
 garbage-first heap   total 63488K, used 20629K [0x00000000e0000000, 0x0000000100000000)
  region size 1024K, 4 young (4096K), 4 survivors (4096K)
 Metaspace       used 28624K, capacity 29856K, committed 30080K, reserved 1075200K
  class space    used 3214K, capacity 3699K, committed 3712K, reserved 1048576K
}
Event: 32.865 GC heap before
{Heap before GC invocations=8 (full 0):
 garbage-first heap   total 63488K, used 43157K [0x00000000e0000000, 0x0000000100000000)
  region size 1024K, 26 young (26624K), 4 survivors (4096K)
 Metaspace       used 33633K, capacity 35048K, committed 35328K, reserved 1079296K
  class space    used 3900K, capacity 4533K, committed 4608K, reserved 1048576K
}
Event: 32.878 GC heap after
{Heap after GC invocations=9 (full 0):
 garbage-first heap   total 63488K, used 23887K [0x00000000e0000000, 0x0000000100000000)
  region size 1024K, 4 young (4096K), 4 survivors (4096K)
 Metaspace       used 33633K, capacity 35048K, committed 35328K, reserved 1079296K
  class space    used 3900K, capacity 4533K, committed 4608K, reserved 1048576K
}

